<?xml version="1.0" encoding="UTF-8"?>
<!-- Generated by org.testng.reporters.JUnitXMLReporter -->
<testsuite hostname="LAPTOP-JTGB8L8M" name="Test" tests="8" failures="0" timestamp="5 Aug 2021 06:45:05 GMT" time="3.476" errors="0">
  <testcase name="@BeforeMethod BrowserLaunch" time="0.0" classname="org.testing.TestScripts.TC1">
    <failure type="org.openqa.selenium.SessionNotCreatedException" message="session not created: This version of ChromeDriver only supports Chrome version 90
Current browser version is 92.0.4515.131 with binary path C:\Program Files (x86)\Google\Chrome\Application\chrome.exe
  (Driver info: chromedriver=90.0.4430.24 (4c6d850f087da467d926e8eddb76550aed655991-refs/branch-heads/4430@{#429}),platform=Windows NT 10.0.19042 x86_64) (WARNING: The server did not provide any stacktrace information)
Command duration or timeout: 1.86 seconds
Build info: version: &amp;apos;2.48.2&amp;apos;, revision: &amp;apos;41bccdd&amp;apos;, time: &amp;apos;2015-10-09 19:55:52&amp;apos;
System info: host: &amp;apos;LAPTOP-JTGB8L8M&amp;apos;, ip: &amp;apos;192.168.29.11&amp;apos;, os.name: &amp;apos;Windows 10&amp;apos;, os.arch: &amp;apos;amd64&amp;apos;, os.version: &amp;apos;10.0&amp;apos;, java.version: &amp;apos;1.8.0_101&amp;apos;
Driver info: org.openqa.selenium.chrome.ChromeDriver">
      <![CDATA[org.openqa.selenium.SessionNotCreatedException: session not created: This version of ChromeDriver only supports Chrome version 90
Current browser version is 92.0.4515.131 with binary path C:\Program Files (x86)\Google\Chrome\Application\chrome.exe
  (Driver info: chromedriver=90.0.4430.24 (4c6d850f087da467d926e8eddb76550aed655991-refs/branch-heads/4430@{#429}),platform=Windows NT 10.0.19042 x86_64) (WARNING: The server did not provide any stacktrace information)
Command duration or timeout: 1.86 seconds
Build info: version: '2.48.2', revision: '41bccdd', time: '2015-10-09 19:55:52'
System info: host: 'LAPTOP-JTGB8L8M', ip: '192.168.29.11', os.name: 'Windows 10', os.arch: 'amd64', os.version: '10.0', java.version: '1.8.0_101'
Driver info: org.openqa.selenium.chrome.ChromeDriver
	at org.openqa.selenium.remote.ErrorHandler.createThrowable(ErrorHandler.java:206)
	at org.openqa.selenium.remote.ErrorHandler.throwIfResponseFailed(ErrorHandler.java:158)
	at org.openqa.selenium.remote.RemoteWebDriver.execute(RemoteWebDriver.java:647)
	at org.openqa.selenium.remote.RemoteWebDriver.startSession(RemoteWebDriver.java:247)
	at org.openqa.selenium.remote.RemoteWebDriver.<init>(RemoteWebDriver.java:129)
	at org.openqa.selenium.remote.RemoteWebDriver.<init>(RemoteWebDriver.java:142)
	at org.openqa.selenium.chrome.ChromeDriver.<init>(ChromeDriver.java:170)
	at org.openqa.selenium.chrome.ChromeDriver.<init>(ChromeDriver.java:159)
	at org.openqa.selenium.chrome.ChromeDriver.<init>(ChromeDriver.java:116)
	at org.testing.Base.BaseClass.BrowserLaunch(BaseClass.java:21)
... Removed 30 stack frames]]>
    </failure>
  </testcase> <!-- @BeforeMethod BrowserLaunch -->
  <testcase name="@AfterMethod BrowserClose" time="0.0" classname="org.testing.TestScripts.TC1">
    <skipped/>
  </testcase> <!-- @AfterMethod BrowserClose -->
  <testcase name="@BeforeMethod BrowserLaunch" time="0.0" classname="org.testing.TestScripts.TC2">
    <skipped/>
  </testcase> <!-- @BeforeMethod BrowserLaunch -->
  <testcase name="@AfterMethod BrowserClose" time="0.0" classname="org.testing.TestScripts.TC2">
    <skipped/>
  </testcase> <!-- @AfterMethod BrowserClose -->
  <testcase name="@BeforeMethod BrowserLaunch" time="0.0" classname="org.testing.TestScripts.TC3">
    <skipped/>
  </testcase> <!-- @BeforeMethod BrowserLaunch -->
  <testcase name="@AfterMethod BrowserClose" time="0.0" classname="org.testing.TestScripts.TC3">
    <skipped/>
  </testcase> <!-- @AfterMethod BrowserClose -->
  <testcase name="@BeforeMethod BrowserLaunch" time="0.0" classname="org.testing.TestScripts.TC4">
    <skipped/>
  </testcase> <!-- @BeforeMethod BrowserLaunch -->
  <testcase name="@AfterMethod BrowserClose" time="0.0" classname="org.testing.TestScripts.TC4">
    <skipped/>
  </testcase> <!-- @AfterMethod BrowserClose -->
  <testcase name="@BeforeMethod BrowserLaunch" time="0.0" classname="org.testing.TestScripts.TC5">
    <skipped/>
  </testcase> <!-- @BeforeMethod BrowserLaunch -->
  <testcase name="@AfterMethod BrowserClose" time="0.0" classname="org.testing.TestScripts.TC5">
    <skipped/>
  </testcase> <!-- @AfterMethod BrowserClose -->
  <testcase name="@BeforeMethod BrowserLaunch" time="0.0" classname="org.testing.TestScripts.TC6">
    <skipped/>
  </testcase> <!-- @BeforeMethod BrowserLaunch -->
  <testcase name="@AfterMethod BrowserClose" time="0.0" classname="org.testing.TestScripts.TC6">
    <skipped/>
  </testcase> <!-- @AfterMethod BrowserClose -->
  <testcase name="@BeforeMethod BrowserLaunch" time="0.0" classname="org.testing.TestScripts.TC7">
    <skipped/>
  </testcase> <!-- @BeforeMethod BrowserLaunch -->
  <testcase name="@AfterMethod BrowserClose" time="0.0" classname="org.testing.TestScripts.TC7">
    <skipped/>
  </testcase> <!-- @AfterMethod BrowserClose -->
  <testcase name="@BeforeMethod BrowserLaunch" time="0.0" classname="org.testing.TestScripts.TC8">
    <skipped/>
  </testcase> <!-- @BeforeMethod BrowserLaunch -->
  <testcase name="@AfterMethod BrowserClose" time="0.0" classname="org.testing.TestScripts.TC8">
    <skipped/>
  </testcase> <!-- @AfterMethod BrowserClose -->
  <testcase name="trending" time="0.001" classname="org.testing.TestScripts.TC1">
    <skipped/>
  </testcase> <!-- trending -->
  <testcase name="ClickOnHistory" time="0.0" classname="org.testing.TestScripts.TC2">
    <skipped/>
  </testcase> <!-- ClickOnHistory -->
  <testcase name="ClickOnSubscription" time="0.0" classname="org.testing.TestScripts.TC3">
    <skipped/>
  </testcase> <!-- ClickOnSubscription -->
  <testcase name="like" time="0.0" classname="org.testing.TestScripts.TC4">
    <skipped/>
  </testcase> <!-- like -->
  <testcase name="SubscribeChannel" time="0.0" classname="org.testing.TestScripts.TC5">
    <skipped/>
  </testcase> <!-- SubscribeChannel -->
  <testcase name="CommentOnVideo" time="0.001" classname="org.testing.TestScripts.TC6">
    <skipped/>
  </testcase> <!-- CommentOnVideo -->
  <testcase name="WatchLater" time="0.0" classname="org.testing.TestScripts.TC7">
    <skipped/>
  </testcase> <!-- WatchLater -->
  <testcase name="clickLibrary" time="0.0" classname="org.testing.TestScripts.TC8">
    <skipped/>
  </testcase> <!-- clickLibrary -->
</testsuite> <!-- Test -->
